<?xml version="1.0" encoding="UTF-8"?>
<!-- Generated by org.testng.reporters.JUnitReportReporter -->
<testsuite hostname="HB-laptops-025" failures="0" tests="2" name="first_Package.Second_class" time="14.696" errors="0" timestamp="2021-06-24T23:10:20 EDT" skipped="0">
  <testcase classname="first_Package.Second_class" name="imagess" time="5.046"/>
  <system-out/>
  <testcase classname="first_Package.Second_class" name="buttons" time="9.650"/>
  <system-out/>
</testsuite> <!-- first_Package.Second_class -->
