<?xml version="1.0" encoding="UTF-8"?>
<!-- Generated by org.testng.reporters.JUnitReportReporter -->
<testsuite hostname="HB-laptops-025" failures="0" tests="1" name="first_Package.First_Class" time="8.245" errors="0" timestamp="2021-06-24T23:09:10 EDT" skipped="0">
  <testcase classname="first_Package.First_Class" name="testlogo" time="8.245"/>
  <system-out/>
</testsuite> <!-- first_Package.First_Class -->
